============================= test session starts =============================
platform win32 -- Python 3.13.12, pytest-9.0.2, pluggy-1.6.0
rootdir: C:\Users\felip\OneDrive\Documents\Gazeus\iara-bot-reviewer
configfile: pyproject.toml
plugins: anyio-4.12.1, asyncio-1.3.0, cov-7.0.0, mock-3.15.1
asyncio: mode=Mode.STRICT, debug=False, asyncio_default_fixture_loop_scope=None, asyncio_default_test_loop_scope=function
collected 57 items

tests\test_indexer.py .................................................. [ 87%]
.......                                                                  [100%]

=============================== tests coverage ================================
______________ coverage: platform win32, python 3.13.12-final-0 _______________

Name                     Stmts   Miss  Cover
--------------------------------------------
iara\memory\indexer.py     304      3    99%
--------------------------------------------
TOTAL                      304      3    99%
============================= 57 passed in 0.36s ==============================
